2026-06-15 09:41:27,962 [INFO] Application started.
2026-06-15 10:26:37,032 [INFO] Settings saved.
2026-06-15 10:26:37,086 [INFO] OCR Mode set to ZONE (fast header scan).
2026-06-15 10:26:37,122 [INFO] Settings saved.
2026-06-15 10:26:37,122 [INFO] OCR Mode set to ZONE (fast header scan).
2026-06-15 10:26:37,142 [INFO] Settings saved.
2026-06-15 10:26:37,143 [INFO] OCR Mode set to FULL PAGE.
2026-06-15 10:26:46,142 [INFO] Settings saved.
2026-06-15 10:26:46,143 [INFO] OCR Mode set to ZONE (fast header scan).
2026-06-15 10:26:48,085 [INFO] Settings saved.
2026-06-15 10:26:48,086 [INFO] OCR Mode set to FULL PAGE.
2026-06-15 10:26:49,982 [INFO] Settings saved.
2026-06-15 10:26:49,983 [INFO] OCR Mode set to ZONE (fast header scan).
2026-06-15 10:27:11,118 [INFO] Settings saved.
2026-06-15 10:30:55,206 [INFO] Settings saved.
2026-06-15 10:33:51,094 [INFO] Settings saved.
2026-06-15 10:33:51,095 [INFO] Dry Run ON Ś preview before committing.
2026-06-15 10:33:53,436 [INFO] OCR renaming started...
2026-06-15 10:33:53,440 [INFO] Strict processing order: ['SCAN_002.pdf', 'SCAN_001.pdf']
2026-06-15 10:33:53,442 [INFO] [DRY RUN] Scanning: SCAN_002.pdf...
2026-06-15 10:34:57,212 [INFO] [DRY RUN] Scanning: SCAN_001.pdf...
2026-06-15 10:37:05,298 [INFO] Dry Run cancelled Ś no files moved.
2026-06-15 10:37:06,135 [INFO] Settings saved.
2026-06-15 10:37:06,135 [INFO] Dry Run OFF Ś files will be moved.
2026-06-15 10:37:48,716 [INFO] Extract & Process started...
2026-06-15 10:37:48,719 [INFO] Strict processing order: ['SCAN_002.pdf', 'SCAN_001.pdf']
2026-06-15 10:37:48,723 [INFO] [LEGACY] SCAN_002.pdf [1/2]
2026-06-15 10:39:17,498 [INFO] [LEGACY] SCAN_001.pdf [2/2]
2026-06-15 10:41:36,507 [INFO] Extract & Process complete Ś 2 succeeded, 0 failed.
2026-06-15 12:40:03,965 [INFO] Rename results cleared.
2026-06-15 12:40:05,365 [INFO] Dispatch results cleared.
2026-06-15 12:40:28,908 [INFO] Application started.
2026-06-15 12:45:27,571 [INFO] Settings saved.
2026-06-15 12:53:37,300 [INFO] Extract & Process started...
2026-06-15 12:53:37,353 [INFO] Strict processing order: ['Scan_0010.pdf', 'Scan_0009.pdf', 'Scan_0008.pdf', 'Scan_0007.pdf', 'Scan_0006.pdf', 'Scan_0005.pdf', 'Scan_0004.pdf', 'Scan_0003.pdf', 'Scan_0002.pdf', 'Scan_0001.pdf']
2026-06-15 12:53:37,377 [INFO] [LEGACY] Scan_0010.pdf [1/10]
2026-06-15 13:01:11,531 [INFO] [LEGACY] Scan_0009.pdf [2/10]
2026-06-15 13:12:09,731 [INFO] [LEGACY] Scan_0008.pdf [3/10]
2026-06-15 13:13:18,197 [INFO] Corrected: EASTERN AND ALLIED SRILANKA GRN RC-MAM-000019364 IN FV20270.pdf
2026-06-15 13:13:27,475 [INFO] Corrected: EASTERN AND ALLIED SRILANKA GRN RC-MAM-000019363 IN FV20270.pdf
2026-06-15 13:15:18,013 [INFO] File renamed to EASTERN AND ALLIED SRILANKA GRN RC-MAM-000019363-19364 IN FV20270.pdf
2026-06-15 13:15:18,013 [INFO] Dispatch cell updated. Re-export to Excel to save changes.
2026-06-15 13:15:48,483 [INFO] File renamed to CHEF 2 CHEF LLC GRN RC-MAM-000019310-19311-19312-19313-19314-19315 IN C2C-EX-MAL-OUR-220.pdf
2026-06-15 13:15:48,483 [INFO] Dispatch cell updated. Re-export to Excel to save changes.
2026-06-15 13:18:11,793 [INFO] Dispatch cell updated. Re-export to Excel to save changes.
2026-06-15 13:18:48,889 [INFO] Dispatch cell updated. Re-export to Excel to save changes.
2026-06-15 13:23:48,876 [INFO] [LEGACY] Scan_0007.pdf [4/10]
2026-06-15 13:27:10,651 [INFO] File renamed to SAWHNEY FOOD STAFF GRN RC-MAM-000019307-19308-19309-619309 IN SE EX 1105944.pdf
2026-06-15 13:27:10,652 [INFO] Dispatch cell updated. Re-export to Excel to save changes.
2026-06-15 13:27:24,539 [INFO] File renamed to SAWHNEY FOOD STAFF GRN RC-MAM-000019307-19308-19309-619309 IN SF EX 1105944.pdf
2026-06-15 13:27:24,540 [INFO] Dispatch cell updated. Re-export to Excel to save changes.
2026-06-15 13:27:53,034 [INFO] File renamed to SAWHNEY FOOD STAFF GRN RC-MAM-000019307-19308-19309 IN SF EX 1105944.pdf
2026-06-15 13:27:53,035 [INFO] Dispatch cell updated. Re-export to Excel to save changes.
2026-06-15 13:28:11,361 [INFO] Dispatch cell updated. Re-export to Excel to save changes.
2026-06-15 13:32:01,749 [INFO] [LEGACY] Scan_0006.pdf [5/10]
2026-06-15 13:37:39,419 [INFO] [LEGACY] Scan_0005.pdf [6/10]
2026-06-15 13:47:33,315 [INFO] [LEGACY] Scan_0004.pdf [7/10]
2026-06-15 13:49:40,573 [INFO] File renamed to S&J SALES CORPORATION GRN RC-MAM-000019215-19216-19217 IN TRV 05 70.pdf
2026-06-15 13:49:40,574 [INFO] Dispatch cell updated. Re-export to Excel to save changes.
2026-06-15 13:50:24,891 [INFO] File renamed to S&J SALES CORPORATION GRN RC-MAM-000019217-19216-19215 IN TRV 05 70.pdf
2026-06-15 13:50:24,892 [INFO] Dispatch cell updated. Re-export to Excel to save changes.
2026-06-15 13:50:27,633 [INFO] Dispatch cell updated. Re-export to Excel to save changes.
2026-06-15 13:50:43,714 [INFO] File renamed to GUANGZHOU HENGYANG LIGHTING GRN RC-MAM-000019362 IN 2026.02.02.pdf
2026-06-15 13:50:43,715 [INFO] Dispatch cell updated. Re-export to Excel to save changes.
2026-06-15 13:51:32,786 [INFO] File renamed to SAWHNEY FOOD STAFF GRN RC-MAM-000019339-19340-19341 IN SF EX 1105923.pdf
2026-06-15 13:51:32,788 [INFO] Dispatch cell updated. Re-export to Excel to save changes.
2026-06-15 13:51:56,825 [INFO] Dispatch cell updated. Re-export to Excel to save changes.
2026-06-15 13:54:04,931 [INFO] [LEGACY] Scan_0003.pdf [8/10]
2026-06-15 13:54:20,058 [INFO] File renamed to S&J SALES CORPORATION GRN RC-MAM-000019337-19338 IN TRV 26 8.pdf
2026-06-15 13:54:20,059 [INFO] Dispatch cell updated. Re-export to Excel to save changes.
2026-06-15 13:54:28,490 [INFO] File renamed to S&J SALES CORPORATION GRN RC-MAM-000019337-19338 IN TRV 26 81.pdf
2026-06-15 13:54:28,491 [INFO] Dispatch cell updated. Re-export to Excel to save changes.
2026-06-15 14:01:50,871 [INFO] [LEGACY] Scan_0002.pdf [9/10]
2026-06-15 14:02:15,186 [INFO] File renamed to CHEF 2 CHEF LLC GRN RC-MAM-000019328-19329 IN C2C-EX-MAL-OUR-221.pdf
2026-06-15 14:02:15,187 [INFO] Dispatch cell updated. Re-export to Excel to save changes.
2026-06-15 14:02:39,193 [INFO] Dispatch cell updated. Re-export to Excel to save changes.
2026-06-15 14:03:16,698 [INFO] File renamed to CHEF 2 CHEF LLC GRN RC-MAM-000019328 IN C2C-EX-MAL-OUR-221.pdf
2026-06-15 14:03:16,698 [INFO] Dispatch cell updated. Re-export to Excel to save changes.
2026-06-15 14:10:47,748 [INFO] [LEGACY] Scan_0001.pdf [10/10]
2026-06-15 14:16:24,387 [INFO] File renamed to EASTERN AND ALLIED SRILANKA GRN RC-MAM-000019326-19327 IN FV20260.pdf
2026-06-15 14:16:24,388 [INFO] Dispatch cell updated. Re-export to Excel to save changes.
2026-06-15 14:16:56,464 [INFO] Dispatch cell updated. Re-export to Excel to save changes.
2026-06-15 14:17:18,938 [INFO] File renamed to EASTERN AND ALLIED SRILANKA GRN RC-MAM-000019325-19326-19327 IN FV20260.pdf
2026-06-15 14:17:18,939 [INFO] Dispatch cell updated. Re-export to Excel to save changes.
2026-06-15 14:19:19,440 [INFO] Extract & Process complete Ś 10 succeeded, 0 failed.
2026-06-15 14:19:37,041 [INFO] File renamed to AIRSEAFOODS GMBH GRN RC-MAM-000019321-19322-19323-19324-600019321 IN 26-05-10-00324.pdf
2026-06-15 14:19:37,042 [INFO] Dispatch cell updated. Re-export to Excel to save changes.
2026-06-15 14:21:27,033 [INFO] Dispatch cell updated. Re-export to Excel to save changes.
2026-06-15 14:21:49,442 [INFO] File renamed to AIRSEAFOODS GMBH GRN RC-MAM-000019321-19322-19323-19324 IN 26-05-10-00324.pdf
2026-06-15 14:21:49,442 [INFO] Dispatch cell updated. Re-export to Excel to save changes.
2026-06-15 14:21:54,575 [INFO] Excel exported: C:\Users\STORESCHAMPIONS\OneDrive - outrigger.com\Desktop\Roni\New folder\GRN_OUTPUT_20260615_142154.xlsx
2026-06-15 15:00:33,614 [INFO] Application started.
2026-06-18 10:25:56,022 [INFO] Application started.
2026-06-18 10:25:59,303 [ERROR] AI Extract tab failed to load: No module named 'maafushivaru_hub'
2026-06-18 10:26:54,273 [INFO] Settings saved.
2026-06-18 10:26:58,697 [INFO] Settings saved.
2026-06-18 13:36:18,641 [INFO] Application started.
2026-06-18 13:36:22,345 [ERROR] AI Extract tab failed to load: No module named 'maafushivaru_hub'
2026-06-18 13:37:07,867 [INFO] [AI-LOG] Starting AI/OCR connection test...
2026-06-18 13:37:07,982 [INFO] [AI-LOG] Network error: unknown url type: [api.ocr.space](https
2026-06-18 13:37:07,983 [INFO] [AI-MATCHER] Network error: unknown url type: [api.ocr.space](https
2026-06-18 13:37:07,983 [INFO] [OCR.SPACE] Network error: unknown url type: [api.ocr.space](https
2026-06-18 13:37:07,983 [INFO] [AI-LOG] Connection test result: offline | OCR.space: OCR.space connection failed: Network error: unknown url type: [api.ocr.space](https
2026-06-18 13:37:12,387 [INFO] [AI-LOG] Starting AI/OCR connection test...
2026-06-18 13:37:12,397 [INFO] [AI-LOG] Network error: unknown url type: [api.ocr.space](https
2026-06-18 13:37:12,397 [INFO] [AI-MATCHER] Network error: unknown url type: [api.ocr.space](https
2026-06-18 13:37:12,397 [INFO] [OCR.SPACE] Network error: unknown url type: [api.ocr.space](https
2026-06-18 13:37:12,397 [INFO] [AI-LOG] Connection test result: offline | OCR.space: OCR.space connection failed: Network error: unknown url type: [api.ocr.space](https
2026-06-18 13:37:13,139 [INFO] [AI-LOG] Starting AI/OCR connection test...
2026-06-18 13:37:13,149 [INFO] [AI-LOG] Network error: unknown url type: [api.ocr.space](https
2026-06-18 13:37:13,149 [INFO] [AI-MATCHER] Network error: unknown url type: [api.ocr.space](https
2026-06-18 13:37:13,149 [INFO] [OCR.SPACE] Network error: unknown url type: [api.ocr.space](https
2026-06-18 13:37:13,150 [INFO] [AI-LOG] Connection test result: offline | OCR.space: OCR.space connection failed: Network error: unknown url type: [api.ocr.space](https
2026-06-18 13:37:27,211 [INFO] [AI-LOG] AI log cleared by user.
2026-06-18 13:37:58,227 [INFO] [AI-LOG] Starting AI/OCR connection test...
2026-06-18 13:37:58,238 [INFO] [AI-LOG] Network error: unknown url type: [api.ocr.space](https
2026-06-18 13:37:58,238 [INFO] [AI-MATCHER] Network error: unknown url type: [api.ocr.space](https
2026-06-18 13:37:58,238 [INFO] [OCR.SPACE] Network error: unknown url type: [api.ocr.space](https
2026-06-18 13:37:58,238 [INFO] [AI-LOG] Connection test result: offline | OCR.space: OCR.space connection failed: Network error: unknown url type: [api.ocr.space](https
2026-06-18 13:48:03,665 [INFO] Application started.
2026-06-18 13:48:05,995 [ERROR] AI Extract tab failed to load: No module named 'maafushivaru_hub'
2026-06-18 13:48:16,419 [INFO] [AI-LOG] Starting AI/OCR connection test...
2026-06-18 13:48:16,555 [INFO] [AI-LOG] Connection test result: offline | OCR.space: OCR.space connection failed: Network error: unknown url type: [api.ocr.space](https
2026-06-18 13:48:34,659 [INFO] [AI-LOG] AI log cleared by user.
2026-06-18 13:48:48,134 [INFO] Settings saved.
2026-06-18 13:48:48,134 [INFO] AI matching: ON
2026-06-18 13:48:50,747 [INFO] [AI-LOG] Starting AI/OCR connection test...
2026-06-18 13:48:50,757 [INFO] [AI-LOG] Connection test result: offline | OCR.space: OCR.space connection failed: Network error: unknown url type: [api.ocr.space](https
2026-06-18 13:48:52,315 [INFO] [AI-LOG] Starting AI/OCR connection test...
2026-06-18 13:48:52,325 [INFO] [AI-LOG] Connection test result: offline | OCR.space: OCR.space connection failed: Network error: unknown url type: [api.ocr.space](https
2026-06-18 13:48:55,683 [INFO] [AI-LOG] AI log cleared by user.
2026-06-18 13:48:58,835 [INFO] [AI-LOG] Starting AI/OCR connection test...
2026-06-18 13:48:58,841 [INFO] [AI-LOG] Connection test result: offline | OCR.space: OCR.space connection failed: Network error: unknown url type: [api.ocr.space](https
2026-06-18 13:49:03,147 [INFO] [AI-LOG] Starting AI/OCR connection test...
2026-06-18 13:49:03,160 [INFO] [AI-LOG] Connection test result: offline | OCR.space: OCR.space connection failed: Network error: unknown url type: [api.ocr.space](https
2026-06-18 13:49:07,230 [INFO] Settings saved.
2026-06-18 13:49:18,150 [INFO] Settings saved.
2026-06-18 13:49:18,150 [INFO] AI matching: OFF
2026-06-18 17:24:48,886 [INFO] Application started.
2026-06-18 17:24:52,962 [ERROR] AI Extract tab failed to load: No module named 'maafushivaru_hub'
2026-06-18 17:25:09,819 [INFO] Settings saved.
2026-06-18 17:25:11,162 [INFO] Settings saved.
2026-06-18 17:25:11,162 [INFO] AI matching: ON
2026-06-18 17:25:15,519 [INFO] [AI-LOG] Starting AI/OCR connection test...
2026-06-18 17:25:15,604 [INFO] [AI-LOG] Connection test result: offline | OCR.space: OCR.space connection failed: Network error: unknown url type: [api.ocr.space](https
2026-06-18 17:35:17,689 [INFO] Application started.
2026-06-18 17:35:19,941 [ERROR] AI Extract tab failed to load: No module named 'maafushivaru_hub'
Traceback (most recent call last):
  File "C:\Users\STORESCHAMPIONS\OneDrive - outrigger.com\Desktop\Roni\New folder\maafmorev4.py", line 2142, in _build_layout
    from aiextracttab import add_ai_extract_tab
  File "C:\Users\STORESCHAMPIONS\OneDrive - outrigger.com\Desktop\Roni\New folder\aiextracttab.py", line 23, in <module>
    from maafushivaru_hub import (
    ...<8 lines>...
    )
ModuleNotFoundError: No module named 'maafushivaru_hub'
2026-06-18 17:36:06,156 [INFO] Application started.
2026-06-18 17:36:08,047 [ERROR] AI Extract tab failed to load: No module named 'maafushivaru_hub'
Traceback (most recent call last):
  File "C:\Users\STORESCHAMPIONS\OneDrive - outrigger.com\Desktop\Roni\New folder\maafushivaruhub.py", line 2142, in _build_layout
    from aiextracttab import add_ai_extract_tab
  File "C:\Users\STORESCHAMPIONS\OneDrive - outrigger.com\Desktop\Roni\New folder\aiextracttab.py", line 23, in <module>
    from maafushivaru_hub import (
    ...<8 lines>...
    )
ModuleNotFoundError: No module named 'maafushivaru_hub'
2026-06-18 17:36:31,733 [INFO] Application started.
2026-06-18 17:36:51,431 [INFO] [AI-LOG] Starting AI/OCR connection test...
2026-06-18 17:36:52,849 [INFO] [AI-LOG] Connection test result: offline | OCR.space: OCR.space connection failed: OCR.space processing error: Unknown OCR.space processing error
2026-06-18 17:38:05,391 [INFO] AI Extract: scanning & trimming PDFs...
2026-06-18 17:38:05,397 [INFO] [AI EXTRACT] Trimming Scan_001.pdf (1/1)
2026-06-18 17:38:41,428 [INFO] Trim complete - 1 file(s) saved to TEMP API PDFS, 0 skipped.
2026-06-18 17:38:49,639 [INFO] AI Extract: OCR.space processing started...
2026-06-18 17:38:49,641 [INFO] [AI EXTRACT] OCR.space Scan_001.pdf (1/1)
2026-06-18 17:38:49,647 [INFO] [OCR.SPACE] Preparing OCR upload: Scan_001.pdf (279.0 KB)
2026-06-18 17:38:49,648 [INFO] [OCR.SPACE] Upload PDF ready: Scan_001.pdf (279.0 KB)
2026-06-18 17:39:21,779 [INFO] OCR complete - 1 ok, 0 with errors. Click 'Send to Tabs' to apply.
2026-06-18 17:45:01,105 [INFO] Application started.
2026-06-18 17:45:06,439 [INFO] AI Extract: OCR.space processing started...
2026-06-18 17:45:06,441 [INFO] [AI EXTRACT] OCR.space Scan_001.pdf (1/1)
2026-06-18 17:45:06,442 [INFO] [OCR.SPACE] Preparing OCR upload: Scan_001.pdf (279.0 KB)
2026-06-18 17:45:06,443 [INFO] [OCR.SPACE] Upload PDF ready: Scan_001.pdf (279.0 KB)
2026-06-18 17:45:39,756 [INFO] OCR complete - 1 ok, 0 with errors. Click 'Send to Tabs' to apply.
2026-06-18 17:58:01,335 [INFO] Application started.
2026-06-18 17:58:11,519 [INFO] AI Extract: OCR.space processing started...
2026-06-18 17:58:11,524 [INFO] [AI EXTRACT] OCR.space Scan_001.pdf (1/1)
2026-06-18 17:58:11,525 [INFO] [OCR.SPACE] Preparing OCR upload: Scan_001.pdf (279.0 KB)
2026-06-18 17:58:11,526 [INFO] [OCR.SPACE] Upload PDF ready: Scan_001.pdf (279.0 KB)
2026-06-18 17:58:14,971 [ERROR] [AI EXTRACT] process error: 'list' object has no attribute 'keys'
Traceback (most recent call last):
  File "C:\Users\STORESCHAMPIONS\OneDrive - outrigger.com\Desktop\Roni\New folder\aiextracttab.py", line 355, in worker
    fields = _aix_extract_fields_from_text(app, tpath, text)
  File "C:\Users\STORESCHAMPIONS\OneDrive - outrigger.com\Desktop\Roni\New folder\aiextracttab.py", line 407, in _aix_extract_fields_from_text
    supplier = _aix_extract_supplier_raw(app, text)
  File "C:\Users\STORESCHAMPIONS\OneDrive - outrigger.com\Desktop\Roni\New folder\aiextracttab.py", line 446, in _aix_extract_supplier_raw
    for supplier_name in suppliers_cfg.keys():
                         ^^^^^^^^^^^^^^^^^^
AttributeError: 'list' object has no attribute 'keys'
2026-06-18 17:58:14,976 [INFO] AI Extract process failed: 'list' object has no attribute 'keys'
2026-06-18 18:01:12,282 [INFO] Application started.
2026-06-18 18:01:14,650 [ERROR] AI Extract tab failed to load: 'return' outside function (aiextracttab.py, line 494)
Traceback (most recent call last):
  File "C:\Users\STORESCHAMPIONS\OneDrive - outrigger.com\Desktop\Roni\New folder\maafushivaru_hub.py", line 2142, in _build_layout
    from aiextracttab import add_ai_extract_tab
  File "C:\Users\STORESCHAMPIONS\OneDrive - outrigger.com\Desktop\Roni\New folder\aiextracttab.py", line 494
    return supplier
    ^^^^^^^^^^^^^^^
SyntaxError: 'return' outside function
2026-06-19 08:23:16,792 [INFO] Application started.
2026-06-19 08:24:20,809 [INFO] AI Extract: OCR.space processing started...
2026-06-19 08:24:20,811 [INFO] [AI EXTRACT] OCR.space ._Scan_001.pdf (1/2)
2026-06-19 08:24:20,817 [INFO] [OCR.SPACE] Preparing OCR upload: ._Scan_001.pdf (4.0 KB)
2026-06-19 08:24:20,817 [INFO] [OCR.SPACE] Upload PDF ready: ._Scan_001.pdf (4.0 KB)
2026-06-19 08:24:21,893 [ERROR] Receiving page collection failed [C:\Users\STORESCHAMPIONS\OneDrive - outrigger.com\Desktop\Roni\New folder\TEMP API PDFS\._Scan_001.pdf]:Failed to open file 'C:\\Users\\STORESCHAMPIONS\\OneDrive - outrigger.com\\Desktop\\Roni\\New folder\\TEMP API PDFS\\._Scan_001.pdf'.
Traceback (most recent call last):
  File "C:\Users\STORESCHAMPIONS\AppData\Local\Python\pythoncore-3.14-64\Lib\site-packages\pymupdf\__init__.py", line 3009, in __init__
    doc = mupdf.fz_open_document(filename)
  File "C:\Users\STORESCHAMPIONS\AppData\Local\Python\pythoncore-3.14-64\Lib\site-packages\pymupdf\mupdf.py", line 50790, in fz_open_document
    return _mupdf.fz_open_document(filename)
           ~~~~~~~~~~~~~~~~~~~~~~~^^^^^^^^^^
pymupdf.mupdf.FzErrorFormat: code=7: no objects found

The above exception was the direct cause of the following exception:

Traceback (most recent call last):
  File "C:\Users\STORESCHAMPIONS\OneDrive - outrigger.com\Desktop\Roni\New folder\maafushivaru_hub.py", line 1029, in _collect_receiving_report_pages
    doc = fitz.open(pdf_path)
  File "C:\Users\STORESCHAMPIONS\AppData\Local\Python\pythoncore-3.14-64\Lib\site-packages\pymupdf\__init__.py", line 3012, in __init__
    raise FileDataError(f'Failed to open file {filename!r}.') from e
pymupdf.FileDataError: Failed to open file 'C:\\Users\\STORESCHAMPIONS\\OneDrive - outrigger.com\\Desktop\\Roni\\New folder\\TEMP API PDFS\\._Scan_001.pdf'.
2026-06-19 08:24:22,297 [ERROR] Receiving page collection failed [C:\Users\STORESCHAMPIONS\OneDrive - outrigger.com\Desktop\Roni\New folder\TEMP API PDFS\._Scan_001.pdf]:Failed to open file 'C:\\Users\\STORESCHAMPIONS\\OneDrive - outrigger.com\\Desktop\\Roni\\New folder\\TEMP API PDFS\\._Scan_001.pdf'.
Traceback (most recent call last):
  File "C:\Users\STORESCHAMPIONS\AppData\Local\Python\pythoncore-3.14-64\Lib\site-packages\pymupdf\__init__.py", line 3009, in __init__
    doc = mupdf.fz_open_document(filename)
  File "C:\Users\STORESCHAMPIONS\AppData\Local\Python\pythoncore-3.14-64\Lib\site-packages\pymupdf\mupdf.py", line 50790, in fz_open_document
    return _mupdf.fz_open_document(filename)
           ~~~~~~~~~~~~~~~~~~~~~~~^^^^^^^^^^
pymupdf.mupdf.FzErrorFormat: code=7: no objects found

The above exception was the direct cause of the following exception:

Traceback (most recent call last):
  File "C:\Users\STORESCHAMPIONS\OneDrive - outrigger.com\Desktop\Roni\New folder\maafushivaru_hub.py", line 1029, in _collect_receiving_report_pages
    doc = fitz.open(pdf_path)
  File "C:\Users\STORESCHAMPIONS\AppData\Local\Python\pythoncore-3.14-64\Lib\site-packages\pymupdf\__init__.py", line 3012, in __init__
    raise FileDataError(f'Failed to open file {filename!r}.') from e
pymupdf.FileDataError: Failed to open file 'C:\\Users\\STORESCHAMPIONS\\OneDrive - outrigger.com\\Desktop\\Roni\\New folder\\TEMP API PDFS\\._Scan_001.pdf'.
2026-06-19 08:24:22,303 [WARNING] [AI EXTRACT] OCR.space error [._Scan_001.pdf]: HTTP 400: {"error":"E501: Not an image or PDF","details":"Invalid base64 Data URI."}
2026-06-19 08:24:22,304 [INFO] [AI EXTRACT] OCR.space Scan_001.pdf (2/2)
2026-06-19 08:24:22,306 [INFO] [OCR.SPACE] Preparing OCR upload: Scan_001.pdf (279.0 KB)
2026-06-19 08:24:22,306 [INFO] [OCR.SPACE] Upload PDF ready: Scan_001.pdf (279.0 KB)
2026-06-19 08:24:59,028 [INFO] OCR complete - 1 ok, 1 with errors. Click 'Send to Tabs' to apply.
2026-06-19 08:25:11,760 [INFO] AI Extract results cleared.
2026-06-19 08:25:33,456 [INFO] AI Extract results cleared.
2026-06-19 08:25:33,616 [INFO] AI Extract results cleared.
2026-06-19 08:33:19,049 [INFO] AI Extract: OCR.space processing started...
2026-06-19 08:33:19,051 [INFO] [AI EXTRACT] OCR.space ._Scan_001.pdf (1/1)
2026-06-19 08:33:19,057 [INFO] [OCR.SPACE] Preparing OCR upload: ._Scan_001.pdf (4.0 KB)
2026-06-19 08:33:19,058 [INFO] [OCR.SPACE] Upload PDF ready: ._Scan_001.pdf (4.0 KB)
2026-06-19 08:33:19,859 [ERROR] Receiving page collection failed [C:\Users\STORESCHAMPIONS\OneDrive - outrigger.com\Desktop\Roni\New folder\TEMP API PDFS\._Scan_001.pdf]:Failed to open file 'C:\\Users\\STORESCHAMPIONS\\OneDrive - outrigger.com\\Desktop\\Roni\\New folder\\TEMP API PDFS\\._Scan_001.pdf'.
Traceback (most recent call last):
  File "C:\Users\STORESCHAMPIONS\AppData\Local\Python\pythoncore-3.14-64\Lib\site-packages\pymupdf\__init__.py", line 3009, in __init__
    doc = mupdf.fz_open_document(filename)
  File "C:\Users\STORESCHAMPIONS\AppData\Local\Python\pythoncore-3.14-64\Lib\site-packages\pymupdf\mupdf.py", line 50790, in fz_open_document
    return _mupdf.fz_open_document(filename)
           ~~~~~~~~~~~~~~~~~~~~~~~^^^^^^^^^^
pymupdf.mupdf.FzErrorFormat: code=7: no objects found

The above exception was the direct cause of the following exception:

Traceback (most recent call last):
  File "C:\Users\STORESCHAMPIONS\OneDrive - outrigger.com\Desktop\Roni\New folder\maafushivaru_hub.py", line 1029, in _collect_receiving_report_pages
    doc = fitz.open(pdf_path)
  File "C:\Users\STORESCHAMPIONS\AppData\Local\Python\pythoncore-3.14-64\Lib\site-packages\pymupdf\__init__.py", line 3012, in __init__
    raise FileDataError(f'Failed to open file {filename!r}.') from e
pymupdf.FileDataError: Failed to open file 'C:\\Users\\STORESCHAMPIONS\\OneDrive - outrigger.com\\Desktop\\Roni\\New folder\\TEMP API PDFS\\._Scan_001.pdf'.
2026-06-19 08:33:19,871 [ERROR] Receiving page collection failed [C:\Users\STORESCHAMPIONS\OneDrive - outrigger.com\Desktop\Roni\New folder\TEMP API PDFS\._Scan_001.pdf]:Failed to open file 'C:\\Users\\STORESCHAMPIONS\\OneDrive - outrigger.com\\Desktop\\Roni\\New folder\\TEMP API PDFS\\._Scan_001.pdf'.
Traceback (most recent call last):
  File "C:\Users\STORESCHAMPIONS\AppData\Local\Python\pythoncore-3.14-64\Lib\site-packages\pymupdf\__init__.py", line 3009, in __init__
    doc = mupdf.fz_open_document(filename)
  File "C:\Users\STORESCHAMPIONS\AppData\Local\Python\pythoncore-3.14-64\Lib\site-packages\pymupdf\mupdf.py", line 50790, in fz_open_document
    return _mupdf.fz_open_document(filename)
           ~~~~~~~~~~~~~~~~~~~~~~~^^^^^^^^^^
pymupdf.mupdf.FzErrorFormat: code=7: no objects found

The above exception was the direct cause of the following exception:

Traceback (most recent call last):
  File "C:\Users\STORESCHAMPIONS\OneDrive - outrigger.com\Desktop\Roni\New folder\maafushivaru_hub.py", line 1029, in _collect_receiving_report_pages
    doc = fitz.open(pdf_path)
  File "C:\Users\STORESCHAMPIONS\AppData\Local\Python\pythoncore-3.14-64\Lib\site-packages\pymupdf\__init__.py", line 3012, in __init__
    raise FileDataError(f'Failed to open file {filename!r}.') from e
pymupdf.FileDataError: Failed to open file 'C:\\Users\\STORESCHAMPIONS\\OneDrive - outrigger.com\\Desktop\\Roni\\New folder\\TEMP API PDFS\\._Scan_001.pdf'.
2026-06-19 08:33:19,875 [WARNING] [AI EXTRACT] OCR.space error [._Scan_001.pdf]: HTTP 400: {"error":"E501: Not an image or PDF","details":"Invalid base64 Data URI."}
2026-06-19 08:33:19,875 [INFO] OCR complete - 0 ok, 1 with errors. Click 'Send to Tabs' to apply.
2026-06-19 08:33:31,856 [INFO] AI Extract results cleared.
2026-06-19 08:33:32,016 [INFO] AI Extract results cleared.
2026-06-19 08:33:33,209 [INFO] AI Extract: OCR.space processing started...
2026-06-19 08:33:33,210 [INFO] [AI EXTRACT] OCR.space ._Scan_001.pdf (1/1)
2026-06-19 08:33:33,216 [INFO] [OCR.SPACE] Preparing OCR upload: ._Scan_001.pdf (4.0 KB)
2026-06-19 08:33:33,216 [INFO] [OCR.SPACE] Upload PDF ready: ._Scan_001.pdf (4.0 KB)
2026-06-19 08:33:33,652 [ERROR] Receiving page collection failed [C:\Users\STORESCHAMPIONS\OneDrive - outrigger.com\Desktop\Roni\New folder\TEMP API PDFS\._Scan_001.pdf]:Failed to open file 'C:\\Users\\STORESCHAMPIONS\\OneDrive - outrigger.com\\Desktop\\Roni\\New folder\\TEMP API PDFS\\._Scan_001.pdf'.
Traceback (most recent call last):
  File "C:\Users\STORESCHAMPIONS\AppData\Local\Python\pythoncore-3.14-64\Lib\site-packages\pymupdf\__init__.py", line 3009, in __init__
    doc = mupdf.fz_open_document(filename)
  File "C:\Users\STORESCHAMPIONS\AppData\Local\Python\pythoncore-3.14-64\Lib\site-packages\pymupdf\mupdf.py", line 50790, in fz_open_document
    return _mupdf.fz_open_document(filename)
           ~~~~~~~~~~~~~~~~~~~~~~~^^^^^^^^^^
pymupdf.mupdf.FzErrorFormat: code=7: no objects found

The above exception was the direct cause of the following exception:

Traceback (most recent call last):
  File "C:\Users\STORESCHAMPIONS\OneDrive - outrigger.com\Desktop\Roni\New folder\maafushivaru_hub.py", line 1029, in _collect_receiving_report_pages
    doc = fitz.open(pdf_path)
  File "C:\Users\STORESCHAMPIONS\AppData\Local\Python\pythoncore-3.14-64\Lib\site-packages\pymupdf\__init__.py", line 3012, in __init__
    raise FileDataError(f'Failed to open file {filename!r}.') from e
pymupdf.FileDataError: Failed to open file 'C:\\Users\\STORESCHAMPIONS\\OneDrive - outrigger.com\\Desktop\\Roni\\New folder\\TEMP API PDFS\\._Scan_001.pdf'.
2026-06-19 08:33:33,660 [ERROR] Receiving page collection failed [C:\Users\STORESCHAMPIONS\OneDrive - outrigger.com\Desktop\Roni\New folder\TEMP API PDFS\._Scan_001.pdf]:Failed to open file 'C:\\Users\\STORESCHAMPIONS\\OneDrive - outrigger.com\\Desktop\\Roni\\New folder\\TEMP API PDFS\\._Scan_001.pdf'.
Traceback (most recent call last):
  File "C:\Users\STORESCHAMPIONS\AppData\Local\Python\pythoncore-3.14-64\Lib\site-packages\pymupdf\__init__.py", line 3009, in __init__
    doc = mupdf.fz_open_document(filename)
  File "C:\Users\STORESCHAMPIONS\AppData\Local\Python\pythoncore-3.14-64\Lib\site-packages\pymupdf\mupdf.py", line 50790, in fz_open_document
    return _mupdf.fz_open_document(filename)
           ~~~~~~~~~~~~~~~~~~~~~~~^^^^^^^^^^
pymupdf.mupdf.FzErrorFormat: code=7: no objects found

The above exception was the direct cause of the following exception:

Traceback (most recent call last):
  File "C:\Users\STORESCHAMPIONS\OneDrive - outrigger.com\Desktop\Roni\New folder\maafushivaru_hub.py", line 1029, in _collect_receiving_report_pages
    doc = fitz.open(pdf_path)
  File "C:\Users\STORESCHAMPIONS\AppData\Local\Python\pythoncore-3.14-64\Lib\site-packages\pymupdf\__init__.py", line 3012, in __init__
    raise FileDataError(f'Failed to open file {filename!r}.') from e
pymupdf.FileDataError: Failed to open file 'C:\\Users\\STORESCHAMPIONS\\OneDrive - outrigger.com\\Desktop\\Roni\\New folder\\TEMP API PDFS\\._Scan_001.pdf'.
2026-06-19 08:33:33,666 [WARNING] [AI EXTRACT] OCR.space error [._Scan_001.pdf]: HTTP 400: {"error":"E501: Not an image or PDF","details":"Invalid base64 Data URI."}
2026-06-19 08:33:33,666 [INFO] OCR complete - 0 ok, 1 with errors. Click 'Send to Tabs' to apply.
2026-06-19 08:34:30,920 [INFO] AI Extract results cleared.
2026-06-19 08:34:55,456 [INFO] AI Extract: OCR.space processing started...
2026-06-19 08:34:55,458 [INFO] [AI EXTRACT] OCR.space Scan_005.pdf (1/5)
2026-06-19 08:34:55,459 [INFO] [OCR.SPACE] Preparing OCR upload: Scan_005.pdf (633.2 KB)
2026-06-19 08:34:55,460 [INFO] [OCR.SPACE] Upload PDF ready: Scan_005.pdf (633.2 KB)
2026-06-19 08:37:37,744 [INFO] AI Extract results cleared.
2026-06-19 08:37:38,016 [INFO] AI Extract results cleared.
2026-06-19 08:37:44,067 [INFO] Application started.
2026-06-19 08:37:57,848 [INFO] AI Extract: OCR.space processing started...
2026-06-19 08:37:57,850 [INFO] [AI EXTRACT] OCR.space Scan_005.pdf (1/5)
2026-06-19 08:37:57,860 [INFO] [OCR.SPACE] Preparing OCR upload: Scan_005.pdf (633.2 KB)
2026-06-19 08:37:57,860 [INFO] [OCR.SPACE] Upload PDF ready: Scan_005.pdf (633.2 KB)
2026-06-19 08:39:08,345 [INFO] Application started.
2026-06-19 08:39:41,208 [INFO] AI Extract: OCR.space processing started...
2026-06-19 08:39:41,210 [INFO] [AI EXTRACT] OCR.space Scan_005.pdf (1/5)
2026-06-19 08:39:41,216 [INFO] [OCR.SPACE] Preparing OCR upload: Scan_005.pdf (633.2 KB)
2026-06-19 08:39:41,217 [INFO] [OCR.SPACE] Upload PDF ready: Scan_005.pdf (633.2 KB)
2026-06-19 08:41:25,660 [INFO] Application started.
2026-06-19 08:42:06,305 [INFO] AI Extract: scanning & trimming PDFs...
2026-06-19 08:42:06,310 [INFO] [AI EXTRACT] Trimming Scan_005.pdf (1/5)
2026-06-19 08:42:35,386 [INFO] [AI EXTRACT] No receiving pages found in Scan_005.pdf - skipped.
2026-06-19 08:42:35,386 [INFO] [AI EXTRACT] Trimming Scan_004.pdf (2/5)
2026-06-19 08:43:03,716 [INFO] [AI EXTRACT] No receiving pages found in Scan_004.pdf - skipped.
2026-06-19 08:43:03,716 [INFO] [AI EXTRACT] Trimming Scan_003.pdf (3/5)
2026-06-19 08:43:31,702 [INFO] [AI EXTRACT] Trimming Scan_002.pdf (4/5)
2026-06-19 08:44:01,438 [INFO] [AI EXTRACT] Trimming Scan_001.pdf (5/5)
2026-06-19 08:44:30,054 [INFO] Trim complete - 3 file(s) saved to TEMP API PDFS, 2 skipped.
2026-06-19 08:44:44,808 [INFO] AI Extract: OCR.space processing started...
2026-06-19 08:44:44,810 [INFO] [AI EXTRACT] OCR.space Scan_003.pdf (1/3)
2026-06-19 08:44:44,815 [INFO] [OCR.SPACE] Preparing OCR upload: Scan_003.pdf (240.5 KB)
2026-06-19 08:44:44,815 [INFO] [OCR.SPACE] Upload PDF ready: Scan_003.pdf (240.5 KB)
2026-06-19 08:45:16,271 [INFO] [AI EXTRACT] OCR.space Scan_002.pdf (2/3)
2026-06-19 08:45:16,272 [INFO] [OCR.SPACE] Preparing OCR upload: Scan_002.pdf (234.5 KB)
2026-06-19 08:45:16,272 [INFO] [OCR.SPACE] Upload PDF ready: Scan_002.pdf (234.5 KB)
2026-06-19 08:45:48,004 [INFO] [AI EXTRACT] OCR.space Scan_001.pdf (3/3)
2026-06-19 08:45:48,005 [INFO] [OCR.SPACE] Preparing OCR upload: Scan_001.pdf (236.4 KB)
2026-06-19 08:45:48,005 [INFO] [OCR.SPACE] Upload PDF ready: Scan_001.pdf (236.4 KB)
2026-06-19 08:46:19,563 [INFO] OCR complete - 3 ok, 0 with errors. Click 'Send to Tabs' to apply.
2026-06-19 08:48:25,691 [INFO] [OCR.SPACE] Preparing OCR upload: Scan_003.pdf (240.5 KB)
2026-06-19 08:48:25,693 [INFO] [OCR.SPACE] Upload PDF ready: Scan_003.pdf (240.5 KB)
2026-06-19 08:50:17,036 [INFO] [OCR.SPACE] Preparing OCR upload: Scan_003.pdf (240.5 KB)
2026-06-19 08:50:17,036 [INFO] [OCR.SPACE] Upload PDF ready: Scan_003.pdf (240.5 KB)
2026-06-19 08:52:02,625 [INFO] Sent to tabs - 3 renamed, 0 missing.
2026-06-19 08:52:26,809 [INFO] Rename results cleared.
2026-06-19 08:52:28,728 [INFO] Dispatch results cleared.
2026-06-19 13:46:00,326 [INFO] Application started.
2026-06-19 13:48:07,772 [INFO] AI Extract: preparing & OCR.space processing started...
2026-06-19 13:48:07,774 [INFO] [AI EXTRACT] Preparing Scan_005.pdf (1/5)
2026-06-19 13:48:07,888 [INFO] [AI EXTRACT] OCR.space Scan_005.pdf (1/5)
2026-06-19 13:48:07,890 [INFO] [OCR.SPACE] Preparing OCR upload: Scan_005.pdf (802.1 KB)
2026-06-19 13:48:07,890 [INFO] [OCR.SPACE] Upload PDF ready: Scan_005.pdf (802.1 KB)
2026-06-19 13:49:44,101 [INFO] [AI EXTRACT] Preparing Scan_004.pdf (2/5)
2026-06-19 13:49:44,152 [INFO] [AI EXTRACT] OCR.space Scan_004.pdf (2/5)
2026-06-19 13:49:44,154 [INFO] [OCR.SPACE] Preparing OCR upload: Scan_004.pdf (968.2 KB)
2026-06-19 13:49:44,154 [INFO] [OCR.SPACE] Upload PDF ready: Scan_004.pdf (968.2 KB)
2026-06-19 13:52:07,806 [WARNING] [AI EXTRACT] OCR.space error [Scan_004.pdf]: OCR.space processing error: ; ; ; 
2026-06-19 13:52:07,809 [INFO] [AI EXTRACT] Preparing Scan_003.pdf (3/5)
2026-06-19 13:52:07,892 [INFO] [AI EXTRACT] OCR.space Scan_003.pdf (3/5)
2026-06-19 13:52:07,898 [INFO] [OCR.SPACE] Preparing OCR upload: Scan_003.pdf (742.7 KB)
2026-06-19 13:52:07,900 [INFO] [OCR.SPACE] Upload PDF ready: Scan_003.pdf (742.7 KB)
2026-06-19 13:53:42,570 [INFO] [AI EXTRACT] Preparing Scan_002.pdf (4/5)
2026-06-19 13:53:42,595 [INFO] [AI EXTRACT] OCR.space Scan_002.pdf (4/5)
2026-06-19 13:53:42,597 [INFO] [OCR.SPACE] Preparing OCR upload: Scan_002.pdf (748.4 KB)
2026-06-19 13:53:42,597 [INFO] [OCR.SPACE] Upload PDF ready: Scan_002.pdf (748.4 KB)
2026-06-19 13:55:42,023 [INFO] [AI EXTRACT] Preparing Scan_001.pdf (5/5)
2026-06-19 13:55:42,130 [INFO] [AI EXTRACT] OCR.space Scan_001.pdf (5/5)
2026-06-19 13:55:42,134 [INFO] [OCR.SPACE] Preparing OCR upload: Scan_001.pdf (710.4 KB)
2026-06-19 13:55:42,134 [INFO] [OCR.SPACE] Upload PDF ready: Scan_001.pdf (710.4 KB)
2026-06-19 13:57:21,712 [INFO] OCR complete - 4 ok, 1 with errors. Click 'Send to Tabs' to apply.
2026-06-19 13:58:10,469 [INFO] AI Extract cell updated.
2026-06-19 13:58:31,156 [INFO] Sent to tabs - 5 renamed, 0 missing.
2026-06-19 13:58:49,312 [INFO] Excel exported: C:\Users\STORESCHAMPIONS\OneDrive - outrigger.com\Desktop\Roni\New folder\GRN_OUTPUT_20260619_135849.xlsx
2026-06-19 13:59:16,067 [INFO] Dispatch results cleared.
2026-06-19 13:59:17,939 [INFO] AI Extract results cleared.
2026-06-19 13:59:21,861 [INFO] Rename results cleared.
